\BOOKMARK [0][-]{chapter*.2}{\376\377\122\115\212\000}{}% 1
\BOOKMARK [0][-]{chapter.1}{\376\377\145\170\202\007\137\017}{}% 2
\BOOKMARK [1][-]{section.1.1}{\376\377\211\300\137\365\202\007\121\154\137\017}{chapter.1}% 3
\BOOKMARK [2][-]{subsection.1.1.1}{\376\377\145\170\174\373}{section.1.1}% 4
\BOOKMARK [2][-]{subsection.1.1.2}{\376\377\175\125\134\015\120\074\220\113\173\227}{section.1.1}% 5
\BOOKMARK [2][-]{subsection.1.1.3}{\376\377\173\227\210\123\116\015\173\111\137\017}{section.1.1}% 6
\BOOKMARK [2][-]{subsection.1.1.4}{\376\377\150\071\206\137\220\113\173\227}{section.1.1}% 7
\BOOKMARK [1][-]{section.1.2}{\376\377\117\213\230\114\211\343\147\220}{chapter.1}% 8
\BOOKMARK [2][-]{subsection.1.2.1}{\376\377\117\213\230\114\0001\377\032\211\007\145\170\220\113\173\227\377\010\212\010\173\227\230\114\377\011}{section.1.2}% 9
\BOOKMARK [2][-]{subsection.1.2.2}{\376\377\117\213\230\114\0002\377\032\175\125\134\015\120\074\116\015\173\111\137\017\377\010\141\311\165\050\230\114\377\011}{section.1.2}% 10
\BOOKMARK [2][-]{subsection.1.2.3}{\376\377\117\213\230\114\0003\377\032\000A\000M\000-\000G\000M\141\311\165\050\377\010\211\300\137\365\230\114\377\011}{section.1.2}% 11
\BOOKMARK [2][-]{subsection.1.2.4}{\376\377\117\213\230\114\0004\377\032\150\071\206\137\123\026\174\041\377\010\212\010\173\227\230\114\377\011}{section.1.2}% 12
\BOOKMARK [1][-]{section.1.3}{\376\377\127\026\137\142\134\125\171\072}{chapter.1}% 13
\BOOKMARK [1][-]{section.1.4}{\376\377\230\114\136\253}{chapter.1}% 14
\BOOKMARK [0][-]{chapter.2}{\376\377\166\364\175\332\202\007\127\023}{}% 15
\BOOKMARK [1][-]{section.2.1}{\376\377\211\300\137\365\202\007\121\154\137\017}{chapter.2}% 16
\BOOKMARK [2][-]{subsection.2.1.1}{\376\377\166\364\175\332\145\271\172\013\137\017}{section.2.1}% 17
\BOOKMARK [2][-]{subsection.2.1.2}{\376\377\127\023\145\271\172\013\137\017}{section.2.1}% 18
\BOOKMARK [2][-]{subsection.2.1.3}{\376\377\166\364\175\332\202\007\127\023\166\204\225\334\117\302}{section.2.1}% 19
\BOOKMARK [1][-]{section.2.2}{\376\377\117\213\230\114\211\343\147\220}{chapter.2}% 20
\BOOKMARK [2][-]{subsection.2.2.1}{\376\377\117\213\230\114\0001\377\032\166\364\175\332\145\271\172\013\137\017\377\010\212\010\173\227\230\114\377\011}{section.2.2}% 21
\BOOKMARK [2][-]{subsection.2.2.2}{\376\377\117\213\230\114\0002\377\032\127\023\145\271\172\013\137\017\377\010\212\010\173\227\230\114\377\011}{section.2.2}% 22
\BOOKMARK [2][-]{subsection.2.2.3}{\376\377\117\213\230\114\0003\377\032\166\364\175\332\202\007\127\023\225\334\117\302\377\010\141\311\165\050\230\114\377\011}{section.2.2}% 23
\BOOKMARK [2][-]{subsection.2.2.4}{\376\377\117\213\230\114\0004\377\032\136\176\117\125\142\200\135\347\377\010\211\300\137\365\230\114\377\011}{section.2.2}% 24
\BOOKMARK [1][-]{section.2.3}{\376\377\127\026\137\142\134\125\171\072}{chapter.2}% 25
\BOOKMARK [1][-]{section.2.4}{\376\377\230\114\136\253}{chapter.2}% 26
\BOOKMARK [0][-]{chapter.3}{\376\377\131\032\230\005\137\017}{}% 27
\BOOKMARK [1][-]{section.3.1}{\376\377\211\300\137\365\202\007\121\154\137\017}{chapter.3}% 28
\BOOKMARK [2][-]{subsection.3.1.1}{\376\377\131\032\230\005\137\017\133\232\177\251\202\007\220\113\173\227}{section.3.1}% 29
\BOOKMARK [2][-]{subsection.3.1.2}{\376\377\231\030\145\170\133\232\164\006\202\007\126\340\137\017\122\006\211\343}{section.3.1}% 30
\BOOKMARK [2][-]{subsection.3.1.3}{\376\377\150\071\202\007\117\302\145\170\225\334\117\302}{section.3.1}% 31
\BOOKMARK [2][-]{subsection.3.1.4}{\376\377\137\256\122\006\202\007\134\100\220\350\162\171\137\265}{section.3.1}% 32
\BOOKMARK [2][-]{subsection.3.1.5}{\376\377\154\360\122\322\134\125\225\213\202\007\136\343\127\337\162\171\137\265}{section.3.1}% 33
\BOOKMARK [2][-]{subsection.3.1.6}{\376\377\162\133\230\023\143\322\120\074\154\325}{section.3.1}% 34
\BOOKMARK [1][-]{section.3.2}{\376\377\117\213\230\114\211\343\147\220}{chapter.3}% 35
\BOOKMARK [2][-]{subsection.3.2.1}{\376\377\117\213\230\114\0001\377\032\231\030\145\170\133\232\164\006}{section.3.2}% 36
\BOOKMARK [2][-]{subsection.3.2.2}{\376\377\117\213\230\114\0002\377\032\150\071\202\007\117\302\145\170}{section.3.2}% 37
\BOOKMARK [2][-]{subsection.3.2.3}{\376\377\117\213\230\114\0003\377\032\154\360\122\322\134\125\225\213}{section.3.2}% 38
\BOOKMARK [2][-]{subsection.3.2.4}{\376\377\117\213\230\114\0004\377\032\162\133\230\023\143\322\120\074}{section.3.2}% 39
\BOOKMARK [1][-]{section.3.3}{\376\377\127\026\137\142\134\125\171\072}{chapter.3}% 40
\BOOKMARK [1][-]{section.3.4}{\376\377\230\114\136\253}{chapter.3}% 41
\BOOKMARK [0][-]{chapter.4}{\376\377\145\170\122\027\202\007\175\032\145\170}{}% 42
\BOOKMARK [1][-]{section.4.1}{\376\377\211\300\137\365\202\007\121\154\137\017}{chapter.4}% 43
\BOOKMARK [2][-]{subsection.4.1.1}{\376\377\145\170\122\027\166\204\127\372\147\054\151\202\137\365}{section.4.1}% 44
\BOOKMARK [2][-]{subsection.4.1.2}{\376\377\173\111\135\356\145\170\122\027}{section.4.1}% 45
\BOOKMARK [2][-]{subsection.4.1.3}{\376\377\173\111\153\324\145\170\122\027}{section.4.1}% 46
\BOOKMARK [2][-]{subsection.4.1.4}{\376\377\175\032\145\170}{section.4.1}% 47
\BOOKMARK [2][-]{subsection.4.1.5}{\376\377\145\170\133\170\153\170\175\015\154\325}{section.4.1}% 48
\BOOKMARK [1][-]{section.4.2}{\376\377\117\213\230\114\211\343\147\220}{chapter.4}% 49
\BOOKMARK [2][-]{subsection.4.2.1}{\376\377\117\213\230\114\0001\377\032\173\111\135\356\145\170\122\027\377\010\212\010\173\227\230\114\377\011}{section.4.2}% 50
\BOOKMARK [2][-]{subsection.4.2.2}{\376\377\117\213\230\114\0002\377\032\173\111\153\324\145\170\122\027\377\010\141\311\165\050\230\114\377\011}{section.4.2}% 51
\BOOKMARK [2][-]{subsection.4.2.3}{\376\377\117\213\230\114\0003\377\032\220\136\143\250\145\170\122\027\377\010\211\300\137\365\230\114\377\011}{section.4.2}% 52
\BOOKMARK [2][-]{subsection.4.2.4}{\376\377\117\213\230\114\0004\377\032\145\170\133\170\153\170\175\015\154\325}{section.4.2}% 53
\BOOKMARK [1][-]{section.4.3}{\376\377\127\026\137\142\134\125\171\072}{chapter.4}% 54
\BOOKMARK [1][-]{section.4.4}{\376\377\230\114\136\253}{chapter.4}% 55
\BOOKMARK [0][-]{chapter.5}{\376\377\143\007\145\170\202\007\134\015\145\170}{}% 56
\BOOKMARK [1][-]{section.5.1}{\376\377\211\300\137\365\202\007\121\154\137\017}{chapter.5}% 57
\BOOKMARK [2][-]{subsection.5.1.1}{\376\377\143\007\145\170\166\204\127\372\147\054\151\202\137\365}{section.5.1}% 58
\BOOKMARK [2][-]{subsection.5.1.2}{\376\377\143\007\145\170\121\375\145\170}{section.5.1}% 59
\BOOKMARK [2][-]{subsection.5.1.3}{\376\377\134\015\145\170\166\204\127\372\147\054\151\202\137\365}{section.5.1}% 60
\BOOKMARK [2][-]{subsection.5.1.4}{\376\377\134\015\145\170\121\375\145\170}{section.5.1}% 61
\BOOKMARK [2][-]{subsection.5.1.5}{\376\377\143\007\145\170\202\007\134\015\145\170\166\204\116\222\220\006}{section.5.1}% 62
\BOOKMARK [1][-]{section.5.2}{\376\377\117\213\230\114\211\343\147\220}{chapter.5}% 63
\BOOKMARK [2][-]{subsection.5.2.1}{\376\377\117\213\230\114\0001\377\032\143\007\145\170\220\113\173\227\377\010\212\010\173\227\230\114\377\011}{section.5.2}% 64
\BOOKMARK [2][-]{subsection.5.2.2}{\376\377\117\213\230\114\0002\377\032\134\015\145\170\220\113\173\227\377\010\212\010\173\227\230\114\377\011}{section.5.2}% 65
\BOOKMARK [2][-]{subsection.5.2.3}{\376\377\117\213\230\114\0003\377\032\211\343\145\271\172\013\377\010\141\311\165\050\230\114\377\011}{section.5.2}% 66
\BOOKMARK [2][-]{subsection.5.2.4}{\376\377\117\213\230\114\0004\377\032\141\311\165\050\125\117\230\114}{section.5.2}% 67
\BOOKMARK [1][-]{section.5.3}{\376\377\127\026\137\142\134\125\171\072}{chapter.5}% 68
\BOOKMARK [1][-]{section.5.4}{\376\377\230\114\136\253}{chapter.5}% 69
\BOOKMARK [0][-]{chapter.6}{\376\377\143\222\122\027\175\104\124\010}{}% 70
\BOOKMARK [1][-]{section.6.1}{\376\377\211\300\137\365\202\007\121\154\137\017}{chapter.6}% 71
\BOOKMARK [2][-]{subsection.6.1.1}{\376\377\127\372\147\054\151\202\137\365}{section.6.1}% 72
\BOOKMARK [2][-]{subsection.6.1.2}{\376\377\143\222\122\027\166\204\141\311\165\050}{section.6.1}% 73
\BOOKMARK [2][-]{subsection.6.1.3}{\376\377\175\104\124\010\166\204\141\311\165\050}{section.6.1}% 74
\BOOKMARK [2][-]{subsection.6.1.4}{\376\377\123\141\162\171\206\055\145\170}{section.6.1}% 75
\BOOKMARK [1][-]{section.6.2}{\376\377\117\213\230\114\211\343\147\220}{chapter.6}% 76
\BOOKMARK [2][-]{subsection.6.2.1}{\376\377\117\213\230\114\0001\377\032\150\235\116\366\143\222\122\027}{section.6.2}% 77
\BOOKMARK [2][-]{subsection.6.2.2}{\376\377\117\213\230\114\0002\377\032\122\006\175\104\141\311\165\050}{section.6.2}% 78
\BOOKMARK [2][-]{subsection.6.2.3}{\376\377\117\213\230\114\0003\377\032\123\141\162\171\206\055\145\170\141\311\165\050}{section.6.2}% 79
\BOOKMARK [2][-]{subsection.6.2.4}{\376\377\117\213\230\114\0004\377\032\221\315\211\007\143\222\122\027\141\311\165\050}{section.6.2}% 80
\BOOKMARK [2][-]{subsection.6.2.5}{\376\377\117\213\230\114\0005\377\032\116\214\230\005\137\017\141\311\165\050}{section.6.2}% 81
\BOOKMARK [1][-]{section.6.3}{\376\377\230\114\136\253}{chapter.6}% 82
\BOOKMARK [0][-]{chapter.7}{\376\377\145\170\144\332\122\006\147\220}{}% 83
\BOOKMARK [1][-]{section.7.1}{\376\377\211\300\137\365\202\007\121\154\137\017}{chapter.7}% 84
\BOOKMARK [2][-]{subsection.7.1.1}{\376\377\145\170\144\332\166\204\210\150\171\072\202\007\145\164\164\006}{section.7.1}% 85
\BOOKMARK [2][-]{subsection.7.1.2}{\376\377\116\055\137\303\221\317\145\170}{section.7.1}% 86
\BOOKMARK [2][-]{subsection.7.1.3}{\376\377\226\342\145\143\172\013\136\246}{section.7.1}% 87
\BOOKMARK [2][-]{subsection.7.1.4}{\376\377\145\170\144\332\122\006\117\110}{section.7.1}% 88
\BOOKMARK [2][-]{subsection.7.1.5}{\376\377\226\331\213\212\221\317\145\170\144\332\122\006\147\220}{section.7.1}% 89
\BOOKMARK [1][-]{section.7.2}{\376\377\117\213\230\114\211\343\147\220}{chapter.7}% 90
\BOOKMARK [2][-]{subsection.7.2.1}{\376\377\117\213\230\114\0001\377\032\145\170\144\332\145\164\164\006}{section.7.2}% 91
\BOOKMARK [2][-]{subsection.7.2.2}{\376\377\117\213\230\114\0002\377\032\116\055\137\303\202\007\226\342\145\143}{section.7.2}% 92
\BOOKMARK [2][-]{subsection.7.2.3}{\376\377\117\213\230\114\0003\377\032\166\370\225\334\117\302\145\170}{section.7.2}% 93
\BOOKMARK [2][-]{subsection.7.2.4}{\376\377\117\213\230\114\0004\377\032\217\364\153\170\166\364\175\332}{section.7.2}% 94
\BOOKMARK [2][-]{subsection.7.2.5}{\376\377\117\213\230\114\0005\377\032\141\311\165\050\230\114}{section.7.2}% 95
\BOOKMARK [1][-]{section.7.3}{\376\377\127\026\137\142\134\125\171\072}{chapter.7}% 96
\BOOKMARK [1][-]{section.7.4}{\376\377\230\114\136\253}{chapter.7}% 97
\BOOKMARK [0][-]{chapter.8}{\376\377\152\137\163\207}{}% 98
\BOOKMARK [1][-]{section.8.1}{\376\377\211\300\137\365\202\007\121\154\137\017}{chapter.8}% 99
\BOOKMARK [2][-]{subsection.8.1.1}{\376\377\127\372\147\054\151\202\137\365}{section.8.1}% 100
\BOOKMARK [2][-]{subsection.8.1.2}{\376\377\152\137\163\207\166\204\140\047\214\352\202\007\220\113\173\227}{section.8.1}% 101
\BOOKMARK [2][-]{subsection.8.1.3}{\376\377\150\235\116\366\152\137\163\207}{section.8.1}% 102
\BOOKMARK [2][-]{subsection.8.1.4}{\376\377\143\222\122\027\175\104\124\010\202\007\152\137\163\207}{section.8.1}% 103
\BOOKMARK [2][-]{subsection.8.1.5}{\376\377\147\037\147\033\120\074}{section.8.1}% 104
\BOOKMARK [1][-]{section.8.2}{\376\377\117\213\230\114\211\343\147\220}{chapter.8}% 105
\BOOKMARK [2][-]{subsection.8.2.1}{\376\377\117\213\230\114\0001\377\032\127\372\147\054\152\137\163\207}{section.8.2}% 106
\BOOKMARK [2][-]{subsection.8.2.2}{\376\377\117\213\230\114\0002\377\032\116\222\145\245\116\213\116\366}{section.8.2}% 107
\BOOKMARK [2][-]{subsection.8.2.3}{\376\377\117\213\230\114\0003\377\032\150\235\116\366\152\137\163\207}{section.8.2}% 108
\BOOKMARK [2][-]{subsection.8.2.4}{\376\377\117\213\230\114\0004\377\032\143\222\122\027\175\104\124\010\141\311\165\050}{section.8.2}% 109
\BOOKMARK [2][-]{subsection.8.2.5}{\376\377\117\213\230\114\0005\377\032\147\037\147\033\120\074}{section.8.2}% 110
\BOOKMARK [1][-]{section.8.3}{\376\377\127\026\137\142\134\125\171\072}{chapter.8}% 111
\BOOKMARK [1][-]{section.8.4}{\376\377\230\114\136\253}{chapter.8}% 112
\BOOKMARK [0][-]{chapter.9}{\376\377\116\011\211\322}{}% 113
\BOOKMARK [1][-]{section.9.1}{\376\377\211\300\137\365\202\007\121\154\137\017}{chapter.9}% 114
\BOOKMARK [2][-]{subsection.9.1.1}{\376\377\127\372\147\054\116\011\211\322\153\324}{section.9.1}% 115
\BOOKMARK [2][-]{subsection.9.1.2}{\376\377\153\143\137\046\133\232\164\006}{section.9.1}% 116
\BOOKMARK [2][-]{subsection.9.1.3}{\376\377\231\030\137\046\133\232\164\006}{section.9.1}% 117
\BOOKMARK [2][-]{subsection.9.1.4}{\376\377\227\142\172\115\121\154\137\017}{section.9.1}% 118
\BOOKMARK [2][-]{subsection.9.1.5}{\376\377\121\147\137\303\202\007\131\026\137\303}{section.9.1}% 119
\BOOKMARK [1][-]{section.9.2}{\376\377\117\213\230\114\211\343\147\220}{chapter.9}% 120
\BOOKMARK [2][-]{subsection.9.2.1}{\376\377\117\213\230\114\0001\377\032\127\372\147\054\116\011\211\322\153\324}{section.9.2}% 121
\BOOKMARK [2][-]{subsection.9.2.2}{\376\377\117\213\230\114\0002\377\032\153\143\137\046\133\232\164\006}{section.9.2}% 122
\BOOKMARK [2][-]{subsection.9.2.3}{\376\377\117\213\230\114\0003\377\032\231\030\137\046\133\232\164\006}{section.9.2}% 123
\BOOKMARK [2][-]{subsection.9.2.4}{\376\377\117\213\230\114\0004\377\032\227\142\172\115\202\007\131\026\137\303}{section.9.2}% 124
\BOOKMARK [2][-]{subsection.9.2.5}{\376\377\117\213\230\114\0005\377\032\213\111\146\016\230\114}{section.9.2}% 125
\BOOKMARK [1][-]{section.9.3}{\376\377\127\026\137\142\134\125\171\072}{chapter.9}% 126
\BOOKMARK [1][-]{section.9.4}{\376\377\230\114\136\253}{chapter.9}% 127
\BOOKMARK [0][-]{chapter.10}{\376\377\116\011\211\322\121\375\145\170}{}% 128
\BOOKMARK [1][-]{section.10.1}{\376\377\211\300\137\365\202\007\121\154\137\017}{chapter.10}% 129
\BOOKMARK [2][-]{subsection.10.1.1}{\376\377\133\232\177\251\202\007\127\372\147\054\140\047\214\352}{section.10.1}% 130
\BOOKMARK [2][-]{subsection.10.1.2}{\376\377\116\011\211\322\121\375\145\170\127\026\137\142}{section.10.1}% 131
\BOOKMARK [2][-]{subsection.10.1.3}{\376\377\116\011\211\322\140\106\173\111\137\017}{section.10.1}% 132
\BOOKMARK [2][-]{subsection.10.1.4}{\376\377\141\311\165\050\202\007\145\271\172\013}{section.10.1}% 133
\BOOKMARK [1][-]{section.10.2}{\376\377\117\213\230\114\211\343\147\220}{chapter.10}% 134
\BOOKMARK [2][-]{subsection.10.2.1}{\376\377\117\213\230\114\0001\377\032\127\372\147\054\140\047\214\352}{section.10.2}% 135
\BOOKMARK [2][-]{subsection.10.2.2}{\376\377\117\213\230\114\0002\377\032\127\026\137\142\122\006\147\220}{section.10.2}% 136
\BOOKMARK [2][-]{subsection.10.2.3}{\376\377\117\213\230\114\0003\377\032\172\115\123\026\124\214\135\356}{section.10.2}% 137
\BOOKMARK [2][-]{subsection.10.2.4}{\376\377\117\213\230\114\0004\377\032\124\214\135\356\123\026\172\115}{section.10.2}% 138
\BOOKMARK [2][-]{subsection.10.2.5}{\376\377\117\213\230\114\0005\377\032\141\311\165\050\230\114}{section.10.2}% 139
\BOOKMARK [1][-]{section.10.3}{\376\377\127\026\137\142\134\125\171\072}{chapter.10}% 140
\BOOKMARK [1][-]{section.10.4}{\376\377\230\114\136\253}{chapter.10}% 141
\BOOKMARK [0][-]{chapter.11}{\376\377\136\163\227\142\124\021\221\317}{}% 142
\BOOKMARK [1][-]{section.11.1}{\376\377\211\300\137\365\202\007\121\154\137\017}{chapter.11}% 143
\BOOKMARK [2][-]{subsection.11.1.1}{\376\377\127\372\147\054\151\202\137\365}{section.11.1}% 144
\BOOKMARK [2][-]{subsection.11.1.2}{\376\377\124\021\221\317\220\113\173\227}{section.11.1}% 145
\BOOKMARK [2][-]{subsection.11.1.3}{\376\377\124\021\221\317\140\047\214\352}{section.11.1}% 146
\BOOKMARK [2][-]{subsection.11.1.4}{\376\377\136\176\117\125\141\311\165\050}{section.11.1}% 147
\BOOKMARK [1][-]{section.11.2}{\376\377\117\213\230\114\211\343\147\220}{chapter.11}% 148
\BOOKMARK [2][-]{subsection.11.2.1}{\376\377\117\213\230\114\0001\377\032\127\372\147\054\220\113\173\227}{section.11.2}% 149
\BOOKMARK [2][-]{subsection.11.2.2}{\376\377\117\213\230\114\0002\377\032\121\147\172\115\202\007\131\076\211\322}{section.11.2}% 150
\BOOKMARK [2][-]{subsection.11.2.3}{\376\377\117\213\230\114\0003\377\032\136\163\210\114\202\007\127\202\166\364}{section.11.2}% 151
\BOOKMARK [2][-]{subsection.11.2.4}{\376\377\117\213\230\114\0004\377\032\136\176\117\125\141\311\165\050}{section.11.2}% 152
\BOOKMARK [2][-]{subsection.11.2.5}{\376\377\117\213\230\114\0005\377\032\141\311\165\050\230\114}{section.11.2}% 153
\BOOKMARK [1][-]{section.11.3}{\376\377\127\026\137\142\134\125\171\072}{chapter.11}% 154
\BOOKMARK [1][-]{section.11.4}{\376\377\230\114\136\253}{chapter.11}% 155
\BOOKMARK [0][-]{chapter.12}{\376\377\172\172\225\223\124\021\221\317}{}% 156
\BOOKMARK [0][-]{chapter.13}{\376\377\172\172\225\223\116\055\136\163\227\142\202\007\166\364\175\332\145\271\172\013\137\017}{}% 157
\BOOKMARK [0][-]{chapter.14}{\376\377\167\351\226\143}{}% 158
\BOOKMARK [0][-]{chapter.15}{\376\377\230\114\136\253\211\343\173\124}{}% 159
\BOOKMARK [1][-]{section.15.1}{\376\377\000C\000H\0001\230\114\136\253\211\343\173\124}{chapter.15}% 160
\BOOKMARK [1][-]{section.15.2}{\376\377\000C\000H\0002\230\114\136\253\211\343\173\124}{chapter.15}% 161
\BOOKMARK [1][-]{section.15.3}{\376\377\000C\000H\0003\230\114\136\253\211\343\173\124}{chapter.15}% 162
\BOOKMARK [1][-]{section.15.4}{\376\377\000C\000H\0004\211\343\173\124}{chapter.15}% 163
\BOOKMARK [1][-]{section.15.5}{\376\377\000C\000H\0005\230\114\136\253\211\343\173\124}{chapter.15}% 164
\BOOKMARK [1][-]{section.15.6}{\376\377\143\222\175\104\230\114\136\253\211\343\173\124}{chapter.15}% 165
\BOOKMARK [1][-]{section.15.7}{\376\377\145\170\144\332\122\006\147\220\230\114\136\253\211\343\173\124}{chapter.15}% 166
\BOOKMARK [1][-]{section.15.8}{\376\377\152\137\163\207\230\114\136\253\211\343\173\124}{chapter.15}% 167
\BOOKMARK [1][-]{section.15.9}{\376\377\116\011\211\322\153\324\230\114\136\253\211\343\173\124}{chapter.15}% 168
\BOOKMARK [1][-]{section.15.10}{\376\377\116\011\211\322\121\375\145\170\230\114\136\253\211\343\173\124}{chapter.15}% 169
\BOOKMARK [1][-]{section.15.11}{\376\377\136\163\227\142\124\021\221\317\230\114\136\253\211\343\173\124}{chapter.15}% 170
